This file contains any messages produced by compilers while
running configure, to aid debugging if configure makes a mistake.

It was created by jabber.el configure 0.8.90, which was
generated by GNU Autoconf 2.67.  Invocation command line was

  $ ./configure 

## --------- ##
## Platform. ##
## --------- ##

hostname = jforg.local
uname -m = x86_64
uname -r = 12.3.0
uname -s = Darwin
uname -v = Darwin Kernel Version 12.3.0: Sun Jan  6 22:37:10 PST 2013; root:xnu-2050.22.13~1/RELEASE_X86_64

/usr/bin/uname -p = i386
/bin/uname -X     = unknown

/bin/arch              = unknown
/usr/bin/arch -k       = unknown
/usr/convex/getsysinfo = unknown
/usr/bin/hostinfo      = Mach kernel version:
	 Darwin Kernel Version 12.3.0: Sun Jan  6 22:37:10 PST 2013; root:xnu-2050.22.13~1/RELEASE_X86_64
Kernel configured for up to 8 processors.
4 processors are physically available.
8 processors are logically available.
Processor type: i486 (Intel 80486)
Processors active: 0 1 2 3 4 5 6 7
Primary memory available: 8.00 gigabytes
Default processor set: 117 tasks, 582 threads, 8 processors
Load average: 2.54, Mach factor: 5.45
/bin/machine           = unknown
/usr/bin/oslevel       = unknown
/bin/universe          = unknown

PATH: /usr/bin
PATH: /bin
PATH: /usr/sbin
PATH: /sbin
PATH: /usr/local/bin


## ----------- ##
## Core tests. ##
## ----------- ##

configure:1760: checking for a BSD-compatible install
configure:1828: result: /usr/bin/install -c
configure:1839: checking whether build environment is sane
configure:1889: result: yes
configure:2030: checking for a thread-safe mkdir -p
configure:2069: result: build-aux/install-sh -c -d
configure:2082: checking for gawk
configure:2112: result: no
configure:2082: checking for mawk
configure:2112: result: no
configure:2082: checking for nawk
configure:2112: result: no
configure:2082: checking for awk
configure:2098: found /usr/bin/awk
configure:2109: result: awk
configure:2120: checking whether make sets $(MAKE)
configure:2142: result: yes
configure:2231: checking for emacs
configure:2247: found /usr/local/bin/emacs
configure:2258: result: emacs
configure:2282: checking where .elc files should go
configure:2295: $EMACS -batch -q -eval '(while load-path (princ (concat (car load-path) "\n")) (setq load-path (cdr load-path)))' </dev/null >conftest.out
configure:2298: $? = 0
configure:2311: result: ${datarootdir}/emacs/site-lisp
configure:2324: checking whether emacs has library sha1
configure:2332: $EMACS -batch -l conftest.el
configure:2335: $? = 0
configure:2343: result: yes
configure:2352: checking whether emacs has library sha1-el
configure:2360: $EMACS -batch -l conftest.el
Cannot open load file: sha1-el
configure:2363: $? = 255
configure:2371: result: no
configure:2380: checking whether emacs has library hex-util
configure:2388: $EMACS -batch -l conftest.el
configure:2391: $? = 0
configure:2399: result: yes
configure:2408: checking whether emacs has library hexrgb
configure:2416: $EMACS -batch -l conftest.el
Cannot open load file: hexrgb
configure:2419: $? = 255
configure:2427: result: no
configure:2463: checking for gconftool-2
configure:2494: result: no
configure:2534: result: Using config source  for schema installation
configure:2549: result: Using $(sysconfdir)/gconf/schemas as install directory for schema files
configure:2736: creating ./config.status

## ---------------------- ##
## Running config.status. ##
## ---------------------- ##

This file was extended by jabber.el config.status 0.8.90, which was
generated by GNU Autoconf 2.67.  Invocation command line was

  CONFIG_FILES    = 
  CONFIG_HEADERS  = 
  CONFIG_LINKS    = 
  CONFIG_COMMANDS = 
  $ ./config.status 

on jforg.local

config.status:766: creating Makefile
config.status:766: creating tests/Makefile
config.status:766: creating gconf/Makefile
config.status:766: creating jabber-ourversion.el

## ---------------- ##
## Cache variables. ##
## ---------------- ##

ac_cv_env_EMACSLOADPATH_set=
ac_cv_env_EMACSLOADPATH_value=
ac_cv_env_EMACS_set=
ac_cv_env_EMACS_value=
ac_cv_env_build_alias_set=
ac_cv_env_build_alias_value=
ac_cv_env_host_alias_set=
ac_cv_env_host_alias_value=
ac_cv_env_target_alias_set=
ac_cv_env_target_alias_value=
ac_cv_path_GCONFTOOL=no
ac_cv_path_install='/usr/bin/install -c'
ac_cv_prog_AWK=awk
ac_cv_prog_EMACS=emacs
ac_cv_prog_make_make_set=yes
am_cv_lispdir='${datarootdir}/emacs/site-lisp'
ax_cv_emacs_lib_hex_util=yes
ax_cv_emacs_lib_hexrgb=no
ax_cv_emacs_lib_sha1=yes
ax_cv_emacs_lib_sha1_el=no

## ----------------- ##
## Output variables. ##
## ----------------- ##

ACLOCAL='${SHELL} /Users/jishuuhou/.emacs.d/site-lisp/emacs-jabber-0.8.90/build-aux/missing --run aclocal-1.11'
AMTAR='${SHELL} /Users/jishuuhou/.emacs.d/site-lisp/emacs-jabber-0.8.90/build-aux/missing --run tar'
AUTOCONF='${SHELL} /Users/jishuuhou/.emacs.d/site-lisp/emacs-jabber-0.8.90/build-aux/missing --run autoconf'
AUTOHEADER='${SHELL} /Users/jishuuhou/.emacs.d/site-lisp/emacs-jabber-0.8.90/build-aux/missing --run autoheader'
AUTOMAKE='${SHELL} /Users/jishuuhou/.emacs.d/site-lisp/emacs-jabber-0.8.90/build-aux/missing --run automake-1.11'
AWK='awk'
CYGPATH_W='echo'
DEFS='-DPACKAGE_NAME=\"jabber.el\" -DPACKAGE_TARNAME=\"emacs-jabber\" -DPACKAGE_VERSION=\"0.8.90\" -DPACKAGE_STRING=\"jabber.el\ 0.8.90\" -DPACKAGE_BUGREPORT=\"emacs-jabber-general@lists.sourceforge.net\" -DPACKAGE_URL=\"\" -DPACKAGE=\"emacs-jabber\" -DVERSION=\"0.8.90\"'
ECHO_C='\c'
ECHO_N=''
ECHO_T=''
EMACS='emacs'
EMACSLOADPATH=''
GCONFTOOL='no'
GCONF_SCHEMAS_INSTALL_FALSE='#'
GCONF_SCHEMAS_INSTALL_TRUE=''
GCONF_SCHEMA_CONFIG_SOURCE=''
GCONF_SCHEMA_FILE_DIR='$(sysconfdir)/gconf/schemas'
INSTALL_DATA='${INSTALL} -m 644'
INSTALL_PROGRAM='${INSTALL}'
INSTALL_SCRIPT='${INSTALL}'
INSTALL_STRIP_PROGRAM='$(install_sh) -c -s'
LIBOBJS=''
LIBS=''
LTLIBOBJS=''
MAKEINFO='${SHELL} /Users/jishuuhou/.emacs.d/site-lisp/emacs-jabber-0.8.90/build-aux/missing --run makeinfo'
MKDIR_P='build-aux/install-sh -c -d'
PACKAGE='emacs-jabber'
PACKAGE_BUGREPORT='emacs-jabber-general@lists.sourceforge.net'
PACKAGE_NAME='jabber.el'
PACKAGE_STRING='jabber.el 0.8.90'
PACKAGE_TARNAME='emacs-jabber'
PACKAGE_URL=''
PACKAGE_VERSION='0.8.90'
PATH_SEPARATOR=':'
SET_MAKE=''
SHELL='/bin/sh'
STRIP=''
USE_GCONFTOOL_FALSE=''
USE_GCONFTOOL_TRUE='#'
USE_OUR_HEXRGB_FALSE='#'
USE_OUR_HEXRGB_TRUE=''
USE_OUR_HEX_UTIL_FALSE=''
USE_OUR_HEX_UTIL_TRUE='#'
USE_OUR_SHA1_FALSE=''
USE_OUR_SHA1_TRUE='#'
VERSION='0.8.90'
am__isrc=''
am__leading_dot='.'
am__tar='${AMTAR} chof - "$$tardir"'
am__untar='${AMTAR} xf -'
bindir='${exec_prefix}/bin'
build_alias=''
datadir='${datarootdir}'
datarootdir='${prefix}/share'
docdir='${datarootdir}/doc/${PACKAGE_TARNAME}'
dvidir='${docdir}'
exec_prefix='${prefix}'
host_alias=''
htmldir='${docdir}'
includedir='${prefix}/include'
infodir='${datarootdir}/info'
install_sh='${SHELL} /Users/jishuuhou/.emacs.d/site-lisp/emacs-jabber-0.8.90/build-aux/install-sh'
libdir='${exec_prefix}/lib'
libexecdir='${exec_prefix}/libexec'
lispdir='${datarootdir}/emacs/site-lisp'
localedir='${datarootdir}/locale'
localstatedir='${prefix}/var'
mandir='${datarootdir}/man'
mkdir_p='$(top_builddir)/build-aux/install-sh -c -d'
oldincludedir='/usr/include'
pdfdir='${docdir}'
prefix='/usr/local'
program_transform_name='s,x,x,'
psdir='${docdir}'
sbindir='${exec_prefix}/sbin'
sharedstatedir='${prefix}/com'
sysconfdir='${prefix}/etc'
target_alias=''

## ----------- ##
## confdefs.h. ##
## ----------- ##

/* confdefs.h */
#define PACKAGE_NAME "jabber.el"
#define PACKAGE_TARNAME "emacs-jabber"
#define PACKAGE_VERSION "0.8.90"
#define PACKAGE_STRING "jabber.el 0.8.90"
#define PACKAGE_BUGREPORT "emacs-jabber-general@lists.sourceforge.net"
#define PACKAGE_URL ""
#define PACKAGE "emacs-jabber"
#define VERSION "0.8.90"

configure: exit 0
